<?xml version="1.0" encoding="utf-8"?><testsuites name="pytest tests"><testsuite name="pytest" errors="0" failures="2" skipped="0" tests="123" time="45.357" timestamp="2026-05-06T00:44:06.621323+00:00" hostname="agent-env-c90c8730-ba82-40e9-bfb6-0b182125922b"><testcase classname="backend.tests.backend_test.TestHealth" name="test_health" time="0.333" /><testcase classname="backend.tests.backend_test.TestHealth" name="test_root" time="0.198" /><testcase classname="backend.tests.backend_test.TestAuth" name="test_login_admin_success_sets_cookies_and_returns_token" time="0.461" /><testcase classname="backend.tests.backend_test.TestAuth" name="test_login_invalid_password" time="0.365" /><testcase classname="backend.tests.backend_test.TestAuth" name="test_me_with_bearer" time="0.495" /><testcase classname="backend.tests.backend_test.TestAuth" name="test_me_with_cookie_only" time="0.386" /><testcase classname="backend.tests.backend_test.TestAuth" name="test_refresh_with_cookie" time="0.407" /><testcase classname="backend.tests.backend_test.TestAuth" name="test_refresh_without_cookie_unauthorized" time="0.118" /><testcase classname="backend.tests.backend_test.TestAuth" name="test_logout_clears_cookies" time="0.458" /><testcase classname="backend.tests.backend_test.TestAuth" name="test_change_password_then_revert" time="1.375" /><testcase classname="backend.tests.backend_test.TestUsers" name="test_list_users_authenticated" time="0.083" /><testcase classname="backend.tests.backend_test.TestUsers" name="test_list_users_unauth_blocked" time="0.097" /><testcase classname="backend.tests.backend_test.TestUsers" name="test_create_user_persists" time="0.378" /><testcase classname="backend.tests.backend_test.TestUsers" name="test_non_admin_cannot_create_user" time="0.432" /><testcase classname="backend.tests.backend_test.TestUsers" name="test_patch_user_role_and_active" time="0.145" /><testcase classname="backend.tests.backend_test.TestUsers" name="test_admin_cannot_demote_self" time="0.068" /><testcase classname="backend.tests.backend_test.TestUsers" name="test_admin_cannot_deactivate_self" time="0.067" /><testcase classname="backend.tests.backend_test.TestUsers" name="test_admin_cannot_delete_self" time="0.072" /><testcase classname="backend.tests.backend_test.TestChannels" name="test_list_channels" time="0.069" /><testcase classname="backend.tests.backend_test.TestChannels" name="test_create_public_channel_includes_all_users" time="0.145" /><testcase classname="backend.tests.backend_test.TestChannels" name="test_create_private_channel_only_admin" time="0.071" /><testcase classname="backend.tests.backend_test.TestChannels" name="test_update_channel" time="0.070" /><testcase classname="backend.tests.backend_test.TestChannels" name="test_add_and_remove_members" time="0.140" /><testcase classname="backend.tests.backend_test.TestChannels" name="test_delete_channel_cascades_messages" time="0.350" /><testcase classname="backend.tests.backend_test.TestMessages" name="test_post_text_message" time="0.071" /><testcase classname="backend.tests.backend_test.TestMessages" name="test_post_empty_message_rejected" time="0.083" /><testcase classname="backend.tests.backend_test.TestMessages" name="test_list_messages_with_pagination" time="0.278" /><testcase classname="backend.tests.backend_test.TestMessages" name="test_hide_unhide_masks_for_non_admin" time="0.778" /><testcase classname="backend.tests.backend_test.TestMessages" name="test_delete_message_others_forbidden" time="0.576" /><testcase classname="backend.tests.backend_test.TestMessages" name="test_moderation_endpoint" time="0.251" /><testcase classname="backend.tests.backend_test.TestMessages" name="test_moderation_requires_admin" time="0.372" /><testcase classname="backend.tests.backend_test.TestUploads" name="test_upload_png_and_serve" time="0.344" /><testcase classname="backend.tests.backend_test.TestUploads" name="test_upload_rejects_exe" time="0.106" /><testcase classname="backend.tests.backend_test.TestGiphy" name="test_giphy_search" time="0.244" /><testcase classname="backend.tests.backend_test.TestGiphy" name="test_giphy_trending" time="0.176" /><testcase classname="backend.tests.backend_test.TestBruteForce" name="test_brute_force_lock_after_5_failures_localhost" time="0.222" /><testcase classname="backend.tests.backend_test.TestWebSocket" name="test_ws_unauthenticated_rejected" time="0.022" /><testcase classname="backend.tests.backend_test.TestWebSocket" name="test_ws_subscribe_and_broadcast_on_post" time="0.230"><failure message="AssertionError: assert 'presence:update' == 'hello'&#10;  &#10;  - hello&#10;  + presence:update">backend/tests/backend_test.py:596: in test_ws_subscribe_and_broadcast_on_post
    assert asyncio.run(run()), "Did not receive message:new broadcast"
           ^^^^^^^^^^^^^^^^^^
/usr/local/lib/python3.11/asyncio/runners.py:190: in run
    return runner.run(main)
           ^^^^^^^^^^^^^^^^
/usr/local/lib/python3.11/asyncio/runners.py:118: in run
    return self._loop.run_until_complete(task)
           ^^^^^^^^^^^^^^^^^^^^^^^^^^^^^^^^^^^
/usr/local/lib/python3.11/asyncio/base_events.py:654: in run_until_complete
    return future.result()
           ^^^^^^^^^^^^^^^
backend/tests/backend_test.py:565: in run
    assert hello.get("type") == "hello"
E   AssertionError: assert 'presence:update' == 'hello'
E     
E     - hello
E     + presence:update</failure></testcase><testcase classname="backend.tests.backend_test.TestBruteForcePublic" name="test_brute_force_lock_after_5_failures_via_public_url" time="0.470" /><testcase classname="backend.tests.backend_test.TestBruteForcePublic" name="test_brute_force_email_secondary_blocks_across_ips" time="0.894" /><testcase classname="backend.tests.backend_test.TestProfileUpdate" name="test_update_my_name_and_avatar" time="0.231" /><testcase classname="backend.tests.backend_test.TestProfileUpdate" name="test_update_me_requires_auth" time="0.111" /><testcase classname="backend.tests.backend_test.TestChangePasswordValidation" name="test_change_password_wrong_current_rejected" time="0.724" /><testcase classname="backend.tests.backend_test.TestForgotResetPassword" name="test_forgot_password_always_ok" time="0.484" /><testcase classname="backend.tests.backend_test.TestForgotResetPassword" name="test_reset_password_full_flow" time="1.896" /><testcase classname="backend.tests.backend_test.TestForgotResetPassword" name="test_reset_password_invalid_token_rejected" time="0.124" /><testcase classname="backend.tests.backend_test.TestBranding" name="test_get_branding_public_no_auth" time="0.128" /><testcase classname="backend.tests.backend_test.TestBranding" name="test_put_branding_admin_updates_and_get_reflects" time="0.488" /><testcase classname="backend.tests.backend_test.TestBranding" name="test_put_branding_non_admin_forbidden" time="0.799" /><testcase classname="backend.tests.backend_test.TestBranding" name="test_put_branding_unauth_blocked" time="0.344" /><testcase classname="backend.tests.test_iter10_pwa.TestManifest" name="test_manifest_status_and_json" time="0.122"><failure message="AssertionError: assert '#0c2e82' == '#FF5A00'&#10;  &#10;  - #FF5A00&#10;  + #0c2e82">backend/tests/test_iter10_pwa.py:42: in test_manifest_status_and_json
    assert data["theme_color"] == "#FF5A00"
E   AssertionError: assert '#0c2e82' == '#FF5A00'
E     
E     - #FF5A00
E     + #0c2e82</failure></testcase><testcase classname="backend.tests.test_iter10_pwa.TestManifest" name="test_manifest_reflects_branding" time="0.532" /><testcase classname="backend.tests.test_iter10_pwa.TestIcons" name="test_icon_served[/icon-192.png]" time="0.122" /><testcase classname="backend.tests.test_iter10_pwa.TestIcons" name="test_icon_served[/icon-512.png]" time="0.114" /><testcase classname="backend.tests.test_iter10_pwa.TestIcons" name="test_icon_served[/icon-512-maskable.png]" time="0.100" /><testcase classname="backend.tests.test_iter10_pwa.TestIndexHtml" name="test_index_html_has_pwa_tags" time="0.122" /><testcase classname="backend.tests.test_iter4.TestDMCreate" name="test_create_dm_returns_dm_payload" time="0.962" /><testcase classname="backend.tests.test_iter4.TestDMCreate" name="test_create_dm_is_idempotent" time="0.104" /><testcase classname="backend.tests.test_iter4.TestDMCreate" name="test_dm_same_id_for_either_participant" time="0.468" /><testcase classname="backend.tests.test_iter4.TestDMCreate" name="test_cannot_dm_self" time="0.047" /><testcase classname="backend.tests.test_iter4.TestDMCreate" name="test_cannot_dm_missing_user" time="0.046" /><testcase classname="backend.tests.test_iter4.TestDMCreate" name="test_cannot_dm_deactivated_user" time="0.492" /><testcase classname="backend.tests.test_iter4.TestDMList" name="test_list_dms_includes_created_dm" time="0.109" /><testcase classname="backend.tests.test_iter4.TestDMList" name="test_list_dms_after_message_has_preview_and_unread" time="0.152" /><testcase classname="backend.tests.test_iter4.TestDMExcludedFromChannels" name="test_dm_not_in_channels_for_admin" time="0.128" /><testcase classname="backend.tests.test_iter4.TestDMExcludedFromChannels" name="test_dm_not_in_channels_for_user" time="0.103" /><testcase classname="backend.tests.test_iter4.TestDMMessaging" name="test_both_participants_can_post" time="0.149" /><testcase classname="backend.tests.test_iter4.TestDMMessaging" name="test_third_party_forbidden" time="0.927" /><testcase classname="backend.tests.test_iter4.TestMentions" name="test_post_with_mentions_persists" time="0.211" /><testcase classname="backend.tests.test_iter4.TestMentions" name="test_self_mention_filtered" time="0.249" /><testcase classname="backend.tests.test_iter4.TestReactions" name="test_react_toggle" time="0.366" /><testcase classname="backend.tests.test_iter4.TestReactions" name="test_react_non_member_private_forbidden" time="0.304" /><testcase classname="backend.tests.test_iter4.TestReactions" name="test_react_message_not_found" time="0.232" /><testcase classname="backend.tests.test_iter5.TestForgotPasswordEmail" name="test_forgot_password_always_ok_for_known_user" time="0.635" /><testcase classname="backend.tests.test_iter5.TestForgotPasswordEmail" name="test_forgot_password_ok_for_unknown_user" time="0.193" /><testcase classname="backend.tests.test_iter5.TestForgotPasswordEmail" name="test_forgot_password_fallback_logs_link" time="0.633" /><testcase classname="backend.tests.test_iter5.TestDMUniqueIndex" name="test_partial_unique_index_exists" time="0.004" /><testcase classname="backend.tests.test_iter5.TestDMUniqueIndex" name="test_consecutive_dm_posts_return_same_channel" time="1.188" /><testcase classname="backend.tests.test_iter5.TestThreads" name="test_post_reply_increments_parent_count" time="0.244" /><testcase classname="backend.tests.test_iter5.TestThreads" name="test_list_messages_excludes_thread_replies" time="0.165" /><testcase classname="backend.tests.test_iter5.TestThreads" name="test_thread_endpoint_orders_oldest_first" time="0.300" /><testcase classname="backend.tests.test_iter5.TestThreads" name="test_reply_to_reply_flattens_to_root" time="0.223" /><testcase classname="backend.tests.test_iter5.TestThreads" name="test_unknown_parent_id_404" time="0.060" /><testcase classname="backend.tests.test_iter5.TestThreads" name="test_parent_in_different_channel_404" time="0.276" /><testcase classname="backend.tests.test_iter5.TestThreads" name="test_thread_unknown_message_404" time="0.071" /><testcase classname="backend.tests.test_iter5.TestLoginRegression" name="test_admin_login" time="0.618" /><testcase classname="backend.tests.test_iter6.TestPresenceEndpoint" name="test_requires_auth" time="0.175" /><testcase classname="backend.tests.test_iter6.TestPresenceEndpoint" name="test_returns_online_list" time="0.504" /><testcase classname="backend.tests.test_iter6.TestPresenceEndpoint" name="test_caller_online_after_ws" time="0.311" /><testcase classname="backend.tests.test_iter6.TestPresenceBroadcast" name="test_new_ws_broadcasts_online_to_all" time="0.989" /><testcase classname="backend.tests.test_iter6.TestPresenceBroadcast" name="test_two_sockets_same_user_no_offline_on_one_close" time="2.978" /><testcase classname="backend.tests.test_iter6.TestSenderValidation" name="test_startup_validation_logged" time="0.005" /><testcase classname="backend.tests.test_iter6.TestSenderValidation" name="test_resend_dev_sender_is_info_not_warning" time="0.001" /><testcase classname="backend.tests.test_iter6.TestSenderValidation" name="test_validate_sender_domain_never_raises" time="0.065" /><testcase classname="backend.tests.test_iter6.TestDmRaceRegression" name="test_concurrent_dm_open_returns_same_channel" time="0.415" /><testcase classname="backend.tests.test_iter7_dm_moderation_exclusion.TestDmExcludedFromModeration" name="test_moderation_unfiltered_has_no_dm_messages" time="1.663" /><testcase classname="backend.tests.test_iter7_dm_moderation_exclusion.TestDmExcludedFromModeration" name="test_moderation_search_returns_no_dm_matches" time="0.133" /><testcase classname="backend.tests.test_iter7_dm_moderation_exclusion.TestDmExcludedFromModeration" name="test_moderation_channel_id_filter_on_dm_returns_empty" time="0.144" /><testcase classname="backend.tests.test_iter7_dm_moderation_exclusion.TestDmExcludedFromModeration" name="test_moderation_channel_id_filter_on_public_still_works" time="0.127" /><testcase classname="backend.tests.test_iter7_dm_moderation_exclusion.TestDmExcludedFromModeration" name="test_dm_channel_messages_endpoint_still_works_for_participants" time="0.130" /><testcase classname="backend.tests.test_iter7_dm_moderation_exclusion.TestDmExcludedFromModeration" name="test_dms_list_still_shows_dm" time="0.544" /><testcase classname="backend.tests.test_iter9_push.TestVapidPublicKey" name="test_unauthenticated_get_returns_valid_key" time="0.115" /><testcase classname="backend.tests.test_iter9_push.TestVapidPublicKey" name="test_vapid_key_is_stable" time="0.215" /><testcase classname="backend.tests.test_iter9_push.TestPushSubscribe" name="test_subscribe_requires_auth" time="0.119" /><testcase classname="backend.tests.test_iter9_push.TestPushSubscribe" name="test_subscribe_rejects_invalid_payload" time="0.069" /><testcase classname="backend.tests.test_iter9_push.TestPushSubscribe" name="test_subscribe_rejects_empty_endpoint" time="0.071" /><testcase classname="backend.tests.test_iter9_push.TestPushSubscribe" name="test_subscribe_ok_upserts" time="0.147" /><testcase classname="backend.tests.test_iter9_push.TestPushSubscribe" name="test_unsubscribe_requires_auth" time="0.132" /><testcase classname="backend.tests.test_iter9_push.TestPushSubscribe" name="test_unsubscribe_ok" time="0.223" /><testcase classname="backend.tests.test_iter9_push.TestPushTestEndpoint" name="test_requires_auth" time="0.112" /><testcase classname="backend.tests.test_iter9_push.TestPushTestEndpoint" name="test_no_subs_returns_ok" time="0.140" /><testcase classname="backend.tests.test_iter9_push.TestPushTestEndpoint" name="test_with_fake_sub_does_not_500" time="0.223" /><testcase classname="backend.tests.test_iter9_push.TestMessageSendFirePushSafe" name="test_send_message_in_public_channel_does_not_500_with_fake_sub" time="0.360" /><testcase classname="backend.tests.test_iter9_push.TestServiceWorkerServed" name="test_sw_js_reachable" time="0.148" /><testcase classname="backend.tests.test_unread.TestUnreadBackend" name="test_unread_returns_dict_of_accessible_channels" time="0.161" /><testcase classname="backend.tests.test_unread.TestUnreadBackend" name="test_unread_requires_auth" time="0.139" /><testcase classname="backend.tests.test_unread.TestUnreadBackend" name="test_other_user_post_increments_unread_for_admin" time="1.986" /><testcase classname="backend.tests.test_unread.TestUnreadBackend" name="test_own_message_does_not_increment_own_unread" time="1.226" /><testcase classname="backend.tests.test_unread.TestUnreadBackend" name="test_hidden_message_does_not_count_as_unread" time="1.373" /><testcase classname="backend.tests.test_unread.TestUnreadBackend" name="test_post_read_resets_unread_to_zero" time="1.547" /><testcase classname="backend.tests.test_unread.TestUnreadBackend" name="test_private_channel_not_visible_to_non_member" time="0.116" /><testcase classname="backend.tests.test_unread.TestUnreadBackend" name="test_mark_read_on_private_denied_for_non_member" time="0.050" /><testcase classname="backend.tests.test_unread.TestUnreadBackend" name="test_mark_read_on_unknown_channel_404" time="0.338" /></testsuite></testsuites>