<?xml version="1.0" encoding="utf-8"?><testsuites name="pytest tests"><testsuite name="pytest" errors="0" failures="0" skipped="0" tests="38" time="9.862" timestamp="2026-04-23T00:29:31.127501+00:00" hostname="agent-env-c90c8730-ba82-40e9-bfb6-0b182125922b"><testcase classname="tests.backend_test.TestHealth" name="test_health" time="0.153" /><testcase classname="tests.backend_test.TestHealth" name="test_root" time="0.122" /><testcase classname="tests.backend_test.TestAuth" name="test_login_admin_success_sets_cookies_and_returns_token" time="0.342" /><testcase classname="tests.backend_test.TestAuth" name="test_login_invalid_password" time="0.337" /><testcase classname="tests.backend_test.TestAuth" name="test_me_with_bearer" time="0.467" /><testcase classname="tests.backend_test.TestAuth" name="test_me_with_cookie_only" time="0.384" /><testcase classname="tests.backend_test.TestAuth" name="test_refresh_with_cookie" time="0.385" /><testcase classname="tests.backend_test.TestAuth" name="test_refresh_without_cookie_unauthorized" time="0.136" /><testcase classname="tests.backend_test.TestAuth" name="test_logout_clears_cookies" time="0.448" /><testcase classname="tests.backend_test.TestAuth" name="test_change_password_then_revert" time="1.350" /><testcase classname="tests.backend_test.TestUsers" name="test_list_users_authenticated" time="0.080" /><testcase classname="tests.backend_test.TestUsers" name="test_list_users_unauth_blocked" time="0.145" /><testcase classname="tests.backend_test.TestUsers" name="test_create_user_persists" time="0.336" /><testcase classname="tests.backend_test.TestUsers" name="test_non_admin_cannot_create_user" time="0.398" /><testcase classname="tests.backend_test.TestUsers" name="test_patch_user_role_and_active" time="0.125" /><testcase classname="tests.backend_test.TestUsers" name="test_admin_cannot_demote_self" time="0.058" /><testcase classname="tests.backend_test.TestUsers" name="test_admin_cannot_deactivate_self" time="0.071" /><testcase classname="tests.backend_test.TestUsers" name="test_admin_cannot_delete_self" time="0.068" /><testcase classname="tests.backend_test.TestChannels" name="test_list_channels" time="0.062" /><testcase classname="tests.backend_test.TestChannels" name="test_create_public_channel_includes_all_users" time="0.128" /><testcase classname="tests.backend_test.TestChannels" name="test_create_private_channel_only_admin" time="0.055" /><testcase classname="tests.backend_test.TestChannels" name="test_update_channel" time="0.058" /><testcase classname="tests.backend_test.TestChannels" name="test_add_and_remove_members" time="0.118" /><testcase classname="tests.backend_test.TestChannels" name="test_delete_channel_cascades_messages" time="0.234" /><testcase classname="tests.backend_test.TestMessages" name="test_post_text_message" time="0.065" /><testcase classname="tests.backend_test.TestMessages" name="test_post_empty_message_rejected" time="0.059" /><testcase classname="tests.backend_test.TestMessages" name="test_list_messages_with_pagination" time="0.224" /><testcase classname="tests.backend_test.TestMessages" name="test_hide_unhide_masks_for_non_admin" time="0.713" /><testcase classname="tests.backend_test.TestMessages" name="test_delete_message_others_forbidden" time="0.501" /><testcase classname="tests.backend_test.TestMessages" name="test_moderation_endpoint" time="0.171" /><testcase classname="tests.backend_test.TestMessages" name="test_moderation_requires_admin" time="0.387" /><testcase classname="tests.backend_test.TestUploads" name="test_upload_png_and_serve" time="0.224" /><testcase classname="tests.backend_test.TestUploads" name="test_upload_rejects_exe" time="0.107" /><testcase classname="tests.backend_test.TestGiphy" name="test_giphy_search" time="0.151" /><testcase classname="tests.backend_test.TestGiphy" name="test_giphy_trending" time="0.130" /><testcase classname="tests.backend_test.TestBruteForce" name="test_brute_force_lock_after_5_failures_localhost" time="0.235" /><testcase classname="tests.backend_test.TestWebSocket" name="test_ws_unauthenticated_rejected" time="0.012" /><testcase classname="tests.backend_test.TestWebSocket" name="test_ws_subscribe_and_broadcast_on_post" time="0.738" /></testsuite></testsuites>