<?xml version="1.0" encoding="utf-8"?><testsuites name="pytest tests"><testsuite name="pytest" errors="0" failures="0" skipped="0" tests="9" time="6.832" timestamp="2026-04-23T00:59:35.039800+00:00" hostname="agent-env-c90c8730-ba82-40e9-bfb6-0b182125922b"><testcase classname="test_unread.TestUnreadBackend" name="test_unread_returns_dict_of_accessible_channels" time="0.537" /><testcase classname="test_unread.TestUnreadBackend" name="test_unread_requires_auth" time="0.143" /><testcase classname="test_unread.TestUnreadBackend" name="test_other_user_post_increments_unread_for_admin" time="1.832" /><testcase classname="test_unread.TestUnreadBackend" name="test_own_message_does_not_increment_own_unread" time="1.201" /><testcase classname="test_unread.TestUnreadBackend" name="test_hidden_message_does_not_count_as_unread" time="1.268" /><testcase classname="test_unread.TestUnreadBackend" name="test_post_read_resets_unread_to_zero" time="1.462" /><testcase classname="test_unread.TestUnreadBackend" name="test_private_channel_not_visible_to_non_member" time="0.106" /><testcase classname="test_unread.TestUnreadBackend" name="test_mark_read_on_private_denied_for_non_member" time="0.061" /><testcase classname="test_unread.TestUnreadBackend" name="test_mark_read_on_unknown_channel_404" time="0.196" /></testsuite></testsuites>