<?xml version="1.0" encoding="utf-8"?><testsuites name="pytest tests"><testsuite name="pytest" errors="0" failures="0" skipped="0" tests="17" time="5.063" timestamp="2026-04-23T01:23:12.580385+00:00" hostname="agent-env-c90c8730-ba82-40e9-bfb6-0b182125922b"><testcase classname="test_iter4.TestDMCreate" name="test_create_dm_returns_dm_payload" time="1.432" /><testcase classname="test_iter4.TestDMCreate" name="test_create_dm_is_idempotent" time="0.106" /><testcase classname="test_iter4.TestDMCreate" name="test_dm_same_id_for_either_participant" time="0.486" /><testcase classname="test_iter4.TestDMCreate" name="test_cannot_dm_self" time="0.053" /><testcase classname="test_iter4.TestDMCreate" name="test_cannot_dm_missing_user" time="0.048" /><testcase classname="test_iter4.TestDMCreate" name="test_cannot_dm_deactivated_user" time="0.444" /><testcase classname="test_iter4.TestDMList" name="test_list_dms_includes_created_dm" time="0.109" /><testcase classname="test_iter4.TestDMList" name="test_list_dms_after_message_has_preview_and_unread" time="0.156" /><testcase classname="test_iter4.TestDMExcludedFromChannels" name="test_dm_not_in_channels_for_admin" time="0.104" /><testcase classname="test_iter4.TestDMExcludedFromChannels" name="test_dm_not_in_channels_for_user" time="0.100" /><testcase classname="test_iter4.TestDMMessaging" name="test_both_participants_can_post" time="0.161" /><testcase classname="test_iter4.TestDMMessaging" name="test_third_party_forbidden" time="0.887" /><testcase classname="test_iter4.TestMentions" name="test_post_with_mentions_persists" time="0.145" /><testcase classname="test_iter4.TestMentions" name="test_self_mention_filtered" time="0.147" /><testcase classname="test_iter4.TestReactions" name="test_react_toggle" time="0.285" /><testcase classname="test_iter4.TestReactions" name="test_react_non_member_private_forbidden" time="0.197" /><testcase classname="test_iter4.TestReactions" name="test_react_message_not_found" time="0.155" /></testsuite></testsuites>