<?xml version="1.0" encoding="utf-8"?><testsuites name="pytest tests"><testsuite name="pytest" errors="0" failures="0" skipped="0" tests="13" time="2.143" timestamp="2026-04-23T02:59:48.239967+00:00" hostname="agent-env-c90c8730-ba82-40e9-bfb6-0b182125922b"><testcase classname="backend.tests.test_iter9_push.TestVapidPublicKey" name="test_unauthenticated_get_returns_valid_key" time="0.134" /><testcase classname="backend.tests.test_iter9_push.TestVapidPublicKey" name="test_vapid_key_is_stable" time="0.222" /><testcase classname="backend.tests.test_iter9_push.TestPushSubscribe" name="test_subscribe_requires_auth" time="0.113" /><testcase classname="backend.tests.test_iter9_push.TestPushSubscribe" name="test_subscribe_rejects_invalid_payload" time="0.412" /><testcase classname="backend.tests.test_iter9_push.TestPushSubscribe" name="test_subscribe_rejects_empty_endpoint" time="0.047" /><testcase classname="backend.tests.test_iter9_push.TestPushSubscribe" name="test_subscribe_ok_upserts" time="0.096" /><testcase classname="backend.tests.test_iter9_push.TestPushSubscribe" name="test_unsubscribe_requires_auth" time="0.171" /><testcase classname="backend.tests.test_iter9_push.TestPushSubscribe" name="test_unsubscribe_ok" time="0.140" /><testcase classname="backend.tests.test_iter9_push.TestPushTestEndpoint" name="test_requires_auth" time="0.119" /><testcase classname="backend.tests.test_iter9_push.TestPushTestEndpoint" name="test_no_subs_returns_ok" time="0.104" /><testcase classname="backend.tests.test_iter9_push.TestPushTestEndpoint" name="test_with_fake_sub_does_not_500" time="0.152" /><testcase classname="backend.tests.test_iter9_push.TestMessageSendFirePushSafe" name="test_send_message_in_public_channel_does_not_500_with_fake_sub" time="0.264" /><testcase classname="backend.tests.test_iter9_push.TestServiceWorkerServed" name="test_sw_js_reachable" time="0.137" /></testsuite></testsuites>