<?xml version="1.0" encoding="utf-8"?><testsuites name="pytest tests"><testsuite name="pytest" errors="0" failures="1" skipped="0" tests="123" time="39.655" timestamp="2026-04-23T03:48:12.667649+00:00" hostname="agent-env-c90c8730-ba82-40e9-bfb6-0b182125922b"><testcase classname="backend.tests.backend_test.TestHealth" name="test_health" time="0.145" /><testcase classname="backend.tests.backend_test.TestHealth" name="test_root" time="0.212" /><testcase classname="backend.tests.backend_test.TestAuth" name="test_login_admin_success_sets_cookies_and_returns_token" time="0.334" /><testcase classname="backend.tests.backend_test.TestAuth" name="test_login_invalid_password" time="0.347" /><testcase classname="backend.tests.backend_test.TestAuth" name="test_me_with_bearer" time="0.461" /><testcase classname="backend.tests.backend_test.TestAuth" name="test_me_with_cookie_only" time="0.375" /><testcase classname="backend.tests.backend_test.TestAuth" name="test_refresh_with_cookie" time="0.438" /><testcase classname="backend.tests.backend_test.TestAuth" name="test_refresh_without_cookie_unauthorized" time="0.165" /><testcase classname="backend.tests.backend_test.TestAuth" name="test_logout_clears_cookies" time="0.420" /><testcase classname="backend.tests.backend_test.TestAuth" name="test_change_password_then_revert" time="1.328" /><testcase classname="backend.tests.backend_test.TestUsers" name="test_list_users_authenticated" time="0.045" /><testcase classname="backend.tests.backend_test.TestUsers" name="test_list_users_unauth_blocked" time="0.100" /><testcase classname="backend.tests.backend_test.TestUsers" name="test_create_user_persists" time="0.320" /><testcase classname="backend.tests.backend_test.TestUsers" name="test_non_admin_cannot_create_user" time="0.376" /><testcase classname="backend.tests.backend_test.TestUsers" name="test_patch_user_role_and_active" time="0.093" /><testcase classname="backend.tests.backend_test.TestUsers" name="test_admin_cannot_demote_self" time="0.046" /><testcase classname="backend.tests.backend_test.TestUsers" name="test_admin_cannot_deactivate_self" time="0.045" /><testcase classname="backend.tests.backend_test.TestUsers" name="test_admin_cannot_delete_self" time="0.046" /><testcase classname="backend.tests.backend_test.TestChannels" name="test_list_channels" time="0.046" /><testcase classname="backend.tests.backend_test.TestChannels" name="test_create_public_channel_includes_all_users" time="0.106" /><testcase classname="backend.tests.backend_test.TestChannels" name="test_create_private_channel_only_admin" time="0.048" /><testcase classname="backend.tests.backend_test.TestChannels" name="test_update_channel" time="0.049" /><testcase classname="backend.tests.backend_test.TestChannels" name="test_add_and_remove_members" time="0.103" /><testcase classname="backend.tests.backend_test.TestChannels" name="test_delete_channel_cascades_messages" time="0.196" /><testcase classname="backend.tests.backend_test.TestMessages" name="test_post_text_message" time="0.050" /><testcase classname="backend.tests.backend_test.TestMessages" name="test_post_empty_message_rejected" time="0.046" /><testcase classname="backend.tests.backend_test.TestMessages" name="test_list_messages_with_pagination" time="0.193" /><testcase classname="backend.tests.backend_test.TestMessages" name="test_hide_unhide_masks_for_non_admin" time="0.604" /><testcase classname="backend.tests.backend_test.TestMessages" name="test_delete_message_others_forbidden" time="0.481" /><testcase classname="backend.tests.backend_test.TestMessages" name="test_moderation_endpoint" time="0.140" /><testcase classname="backend.tests.backend_test.TestMessages" name="test_moderation_requires_admin" time="0.441" /><testcase classname="backend.tests.backend_test.TestUploads" name="test_upload_png_and_serve" time="0.240" /><testcase classname="backend.tests.backend_test.TestUploads" name="test_upload_rejects_exe" time="0.106" /><testcase classname="backend.tests.backend_test.TestGiphy" name="test_giphy_search" time="0.162" /><testcase classname="backend.tests.backend_test.TestGiphy" name="test_giphy_trending" time="0.147" /><testcase classname="backend.tests.backend_test.TestBruteForce" name="test_brute_force_lock_after_5_failures_localhost" time="0.234" /><testcase classname="backend.tests.backend_test.TestWebSocket" name="test_ws_unauthenticated_rejected" time="0.024" /><testcase classname="backend.tests.backend_test.TestWebSocket" name="test_ws_subscribe_and_broadcast_on_post" time="0.236"><failure message="AssertionError: assert 'presence:update' == 'hello'&#10;  &#10;  - hello&#10;  + presence:update">backend/tests/backend_test.py:596: in test_ws_subscribe_and_broadcast_on_post
    assert asyncio.run(run()), "Did not receive message:new broadcast"
           ^^^^^^^^^^^^^^^^^^
/usr/local/lib/python3.11/asyncio/runners.py:190: in run
    return runner.run(main)
           ^^^^^^^^^^^^^^^^
/usr/local/lib/python3.11/asyncio/runners.py:118: in run
    return self._loop.run_until_complete(task)
           ^^^^^^^^^^^^^^^^^^^^^^^^^^^^^^^^^^^
/usr/local/lib/python3.11/asyncio/base_events.py:654: in run_until_complete
    return future.result()
           ^^^^^^^^^^^^^^^
backend/tests/backend_test.py:565: in run
    assert hello.get("type") == "hello"
E   AssertionError: assert 'presence:update' == 'hello'
E     
E     - hello
E     + presence:update</failure></testcase><testcase classname="backend.tests.backend_test.TestBruteForcePublic" name="test_brute_force_lock_after_5_failures_via_public_url" time="0.352" /><testcase classname="backend.tests.backend_test.TestBruteForcePublic" name="test_brute_force_email_secondary_blocks_across_ips" time="0.715" /><testcase classname="backend.tests.backend_test.TestProfileUpdate" name="test_update_my_name_and_avatar" time="0.142" /><testcase classname="backend.tests.backend_test.TestProfileUpdate" name="test_update_me_requires_auth" time="0.102" /><testcase classname="backend.tests.backend_test.TestChangePasswordValidation" name="test_change_password_wrong_current_rejected" time="0.621" /><testcase classname="backend.tests.backend_test.TestForgotResetPassword" name="test_forgot_password_always_ok" time="0.512" /><testcase classname="backend.tests.backend_test.TestForgotResetPassword" name="test_reset_password_full_flow" time="1.827" /><testcase classname="backend.tests.backend_test.TestForgotResetPassword" name="test_reset_password_invalid_token_rejected" time="0.126" /><testcase classname="backend.tests.backend_test.TestBranding" name="test_get_branding_public_no_auth" time="0.124" /><testcase classname="backend.tests.backend_test.TestBranding" name="test_put_branding_admin_updates_and_get_reflects" time="0.348" /><testcase classname="backend.tests.backend_test.TestBranding" name="test_put_branding_non_admin_forbidden" time="0.702" /><testcase classname="backend.tests.backend_test.TestBranding" name="test_put_branding_unauth_blocked" time="0.235" /><testcase classname="backend.tests.test_iter10_pwa.TestManifest" name="test_manifest_status_and_json" time="0.122" /><testcase classname="backend.tests.test_iter10_pwa.TestManifest" name="test_manifest_reflects_branding" time="0.475" /><testcase classname="backend.tests.test_iter10_pwa.TestIcons" name="test_icon_served[/icon-192.png]" time="0.105" /><testcase classname="backend.tests.test_iter10_pwa.TestIcons" name="test_icon_served[/icon-512.png]" time="0.102" /><testcase classname="backend.tests.test_iter10_pwa.TestIcons" name="test_icon_served[/icon-512-maskable.png]" time="0.121" /><testcase classname="backend.tests.test_iter10_pwa.TestIndexHtml" name="test_index_html_has_pwa_tags" time="0.117" /><testcase classname="backend.tests.test_iter4.TestDMCreate" name="test_create_dm_returns_dm_payload" time="0.920" /><testcase classname="backend.tests.test_iter4.TestDMCreate" name="test_create_dm_is_idempotent" time="0.094" /><testcase classname="backend.tests.test_iter4.TestDMCreate" name="test_dm_same_id_for_either_participant" time="0.462" /><testcase classname="backend.tests.test_iter4.TestDMCreate" name="test_cannot_dm_self" time="0.045" /><testcase classname="backend.tests.test_iter4.TestDMCreate" name="test_cannot_dm_missing_user" time="0.050" /><testcase classname="backend.tests.test_iter4.TestDMCreate" name="test_cannot_dm_deactivated_user" time="0.419" /><testcase classname="backend.tests.test_iter4.TestDMList" name="test_list_dms_includes_created_dm" time="0.096" /><testcase classname="backend.tests.test_iter4.TestDMList" name="test_list_dms_after_message_has_preview_and_unread" time="0.149" /><testcase classname="backend.tests.test_iter4.TestDMExcludedFromChannels" name="test_dm_not_in_channels_for_admin" time="0.092" /><testcase classname="backend.tests.test_iter4.TestDMExcludedFromChannels" name="test_dm_not_in_channels_for_user" time="0.105" /><testcase classname="backend.tests.test_iter4.TestDMMessaging" name="test_both_participants_can_post" time="0.144" /><testcase classname="backend.tests.test_iter4.TestDMMessaging" name="test_third_party_forbidden" time="0.851" /><testcase classname="backend.tests.test_iter4.TestMentions" name="test_post_with_mentions_persists" time="0.145" /><testcase classname="backend.tests.test_iter4.TestMentions" name="test_self_mention_filtered" time="0.146" /><testcase classname="backend.tests.test_iter4.TestReactions" name="test_react_toggle" time="0.237" /><testcase classname="backend.tests.test_iter4.TestReactions" name="test_react_non_member_private_forbidden" time="0.183" /><testcase classname="backend.tests.test_iter4.TestReactions" name="test_react_message_not_found" time="0.145" /><testcase classname="backend.tests.test_iter5.TestForgotPasswordEmail" name="test_forgot_password_always_ok_for_known_user" time="0.618" /><testcase classname="backend.tests.test_iter5.TestForgotPasswordEmail" name="test_forgot_password_ok_for_unknown_user" time="0.100" /><testcase classname="backend.tests.test_iter5.TestForgotPasswordEmail" name="test_forgot_password_fallback_logs_link" time="0.607" /><testcase classname="backend.tests.test_iter5.TestDMUniqueIndex" name="test_partial_unique_index_exists" time="0.006" /><testcase classname="backend.tests.test_iter5.TestDMUniqueIndex" name="test_consecutive_dm_posts_return_same_channel" time="1.010" /><testcase classname="backend.tests.test_iter5.TestThreads" name="test_post_reply_increments_parent_count" time="0.191" /><testcase classname="backend.tests.test_iter5.TestThreads" name="test_list_messages_excludes_thread_replies" time="0.141" /><testcase classname="backend.tests.test_iter5.TestThreads" name="test_thread_endpoint_orders_oldest_first" time="0.206" /><testcase classname="backend.tests.test_iter5.TestThreads" name="test_reply_to_reply_flattens_to_root" time="0.149" /><testcase classname="backend.tests.test_iter5.TestThreads" name="test_unknown_parent_id_404" time="0.044" /><testcase classname="backend.tests.test_iter5.TestThreads" name="test_parent_in_different_channel_404" time="0.181" /><testcase classname="backend.tests.test_iter5.TestThreads" name="test_thread_unknown_message_404" time="0.046" /><testcase classname="backend.tests.test_iter5.TestLoginRegression" name="test_admin_login" time="0.558" /><testcase classname="backend.tests.test_iter6.TestPresenceEndpoint" name="test_requires_auth" time="0.105" /><testcase classname="backend.tests.test_iter6.TestPresenceEndpoint" name="test_returns_online_list" time="0.449" /><testcase classname="backend.tests.test_iter6.TestPresenceEndpoint" name="test_caller_online_after_ws" time="0.318" /><testcase classname="backend.tests.test_iter6.TestPresenceBroadcast" name="test_new_ws_broadcasts_online_to_all" time="0.994" /><testcase classname="backend.tests.test_iter6.TestPresenceBroadcast" name="test_two_sockets_same_user_no_offline_on_one_close" time="2.954" /><testcase classname="backend.tests.test_iter6.TestSenderValidation" name="test_startup_validation_logged" time="0.012" /><testcase classname="backend.tests.test_iter6.TestSenderValidation" name="test_resend_dev_sender_is_info_not_warning" time="0.001" /><testcase classname="backend.tests.test_iter6.TestSenderValidation" name="test_validate_sender_domain_never_raises" time="0.065" /><testcase classname="backend.tests.test_iter6.TestDmRaceRegression" name="test_concurrent_dm_open_returns_same_channel" time="0.329" /><testcase classname="backend.tests.test_iter7_dm_moderation_exclusion.TestDmExcludedFromModeration" name="test_moderation_unfiltered_has_no_dm_messages" time="1.573" /><testcase classname="backend.tests.test_iter7_dm_moderation_exclusion.TestDmExcludedFromModeration" name="test_moderation_search_returns_no_dm_matches" time="0.108" /><testcase classname="backend.tests.test_iter7_dm_moderation_exclusion.TestDmExcludedFromModeration" name="test_moderation_channel_id_filter_on_dm_returns_empty" time="0.106" /><testcase classname="backend.tests.test_iter7_dm_moderation_exclusion.TestDmExcludedFromModeration" name="test_moderation_channel_id_filter_on_public_still_works" time="0.122" /><testcase classname="backend.tests.test_iter7_dm_moderation_exclusion.TestDmExcludedFromModeration" name="test_dm_channel_messages_endpoint_still_works_for_participants" time="0.106" /><testcase classname="backend.tests.test_iter7_dm_moderation_exclusion.TestDmExcludedFromModeration" name="test_dms_list_still_shows_dm" time="0.443" /><testcase classname="backend.tests.test_iter9_push.TestVapidPublicKey" name="test_unauthenticated_get_returns_valid_key" time="0.106" /><testcase classname="backend.tests.test_iter9_push.TestVapidPublicKey" name="test_vapid_key_is_stable" time="0.231" /><testcase classname="backend.tests.test_iter9_push.TestPushSubscribe" name="test_subscribe_requires_auth" time="0.101" /><testcase classname="backend.tests.test_iter9_push.TestPushSubscribe" name="test_subscribe_rejects_invalid_payload" time="0.067" /><testcase classname="backend.tests.test_iter9_push.TestPushSubscribe" name="test_subscribe_rejects_empty_endpoint" time="0.046" /><testcase classname="backend.tests.test_iter9_push.TestPushSubscribe" name="test_subscribe_ok_upserts" time="0.096" /><testcase classname="backend.tests.test_iter9_push.TestPushSubscribe" name="test_unsubscribe_requires_auth" time="0.112" /><testcase classname="backend.tests.test_iter9_push.TestPushSubscribe" name="test_unsubscribe_ok" time="0.139" /><testcase classname="backend.tests.test_iter9_push.TestPushTestEndpoint" name="test_requires_auth" time="0.101" /><testcase classname="backend.tests.test_iter9_push.TestPushTestEndpoint" name="test_no_subs_returns_ok" time="0.099" /><testcase classname="backend.tests.test_iter9_push.TestPushTestEndpoint" name="test_with_fake_sub_does_not_500" time="0.165" /><testcase classname="backend.tests.test_iter9_push.TestMessageSendFirePushSafe" name="test_send_message_in_public_channel_does_not_500_with_fake_sub" time="0.243" /><testcase classname="backend.tests.test_iter9_push.TestServiceWorkerServed" name="test_sw_js_reachable" time="0.107" /><testcase classname="backend.tests.test_unread.TestUnreadBackend" name="test_unread_returns_dict_of_accessible_channels" time="0.103" /><testcase classname="backend.tests.test_unread.TestUnreadBackend" name="test_unread_requires_auth" time="0.110" /><testcase classname="backend.tests.test_unread.TestUnreadBackend" name="test_other_user_post_increments_unread_for_admin" time="1.854" /><testcase classname="backend.tests.test_unread.TestUnreadBackend" name="test_own_message_does_not_increment_own_unread" time="1.148" /><testcase classname="backend.tests.test_unread.TestUnreadBackend" name="test_hidden_message_does_not_count_as_unread" time="1.254" /><testcase classname="backend.tests.test_unread.TestUnreadBackend" name="test_post_read_resets_unread_to_zero" time="1.449" /><testcase classname="backend.tests.test_unread.TestUnreadBackend" name="test_private_channel_not_visible_to_non_member" time="0.096" /><testcase classname="backend.tests.test_unread.TestUnreadBackend" name="test_mark_read_on_private_denied_for_non_member" time="0.047" /><testcase classname="backend.tests.test_unread.TestUnreadBackend" name="test_mark_read_on_unknown_channel_404" time="0.191" /></testsuite></testsuites>