<?xml version="1.0" encoding="utf-8"?><testsuites name="pytest tests"><testsuite name="pytest" errors="0" failures="0" skipped="0" tests="6" time="2.702" timestamp="2026-04-23T02:26:34.549021+00:00" hostname="agent-env-c90c8730-ba82-40e9-bfb6-0b182125922b"><testcase classname="tests.test_iter7_dm_moderation_exclusion.TestDmExcludedFromModeration" name="test_moderation_unfiltered_has_no_dm_messages" time="1.748" /><testcase classname="tests.test_iter7_dm_moderation_exclusion.TestDmExcludedFromModeration" name="test_moderation_search_returns_no_dm_matches" time="0.100" /><testcase classname="tests.test_iter7_dm_moderation_exclusion.TestDmExcludedFromModeration" name="test_moderation_channel_id_filter_on_dm_returns_empty" time="0.114" /><testcase classname="tests.test_iter7_dm_moderation_exclusion.TestDmExcludedFromModeration" name="test_moderation_channel_id_filter_on_public_still_works" time="0.109" /><testcase classname="tests.test_iter7_dm_moderation_exclusion.TestDmExcludedFromModeration" name="test_dm_channel_messages_endpoint_still_works_for_participants" time="0.119" /><testcase classname="tests.test_iter7_dm_moderation_exclusion.TestDmExcludedFromModeration" name="test_dms_list_still_shows_dm" time="0.486" /></testsuite></testsuites>