<?xml version="1.0" encoding="utf-8"?><testsuites name="pytest tests"><testsuite name="pytest" errors="0" failures="0" skipped="1" tests="9" time="5.276" timestamp="2026-04-23T02:19:31.865962+00:00" hostname="agent-env-c90c8730-ba82-40e9-bfb6-0b182125922b"><testcase classname="test_iter6.TestPresenceEndpoint" name="test_requires_auth" time="0.136" /><testcase classname="test_iter6.TestPresenceEndpoint" name="test_returns_online_list" time="0.440" /><testcase classname="test_iter6.TestPresenceEndpoint" name="test_caller_online_after_ws" time="0.355" /><testcase classname="test_iter6.TestPresenceBroadcast" name="test_new_ws_broadcasts_online_to_all" time="0.996" /><testcase classname="test_iter6.TestPresenceBroadcast" name="test_two_sockets_same_user_no_offline_on_one_close" time="2.920" /><testcase classname="test_iter6.TestSenderValidation" name="test_startup_validation_logged" time="0.001" /><testcase classname="test_iter6.TestSenderValidation" name="test_resend_dev_sender_is_info_not_warning" time="0.000"><skipped type="pytest.skip" message="SENDER_EMAIL is not a resend.dev address () — cannot assert test-sender log">/app/backend/tests/test_iter6.py:234: SENDER_EMAIL is not a resend.dev address () — cannot assert test-sender log</skipped></testcase><testcase classname="test_iter6.TestSenderValidation" name="test_validate_sender_domain_never_raises" time="0.074" /><testcase classname="test_iter6.TestDmRaceRegression" name="test_concurrent_dm_open_returns_same_channel" time="0.325" /></testsuite></testsuites>