<?xml version="1.0" encoding="utf-8"?><testsuites name="pytest tests"><testsuite name="pytest" errors="0" failures="0" skipped="0" tests="104" time="38.799" timestamp="2026-04-23T02:26:40.538567+00:00" hostname="agent-env-c90c8730-ba82-40e9-bfb6-0b182125922b"><testcase classname="tests.backend_test.TestHealth" name="test_health" time="0.170" /><testcase classname="tests.backend_test.TestHealth" name="test_root" time="0.116" /><testcase classname="tests.backend_test.TestAuth" name="test_login_admin_success_sets_cookies_and_returns_token" time="0.351" /><testcase classname="tests.backend_test.TestAuth" name="test_login_invalid_password" time="0.335" /><testcase classname="tests.backend_test.TestAuth" name="test_me_with_bearer" time="0.441" /><testcase classname="tests.backend_test.TestAuth" name="test_me_with_cookie_only" time="0.381" /><testcase classname="tests.backend_test.TestAuth" name="test_refresh_with_cookie" time="0.386" /><testcase classname="tests.backend_test.TestAuth" name="test_refresh_without_cookie_unauthorized" time="0.111" /><testcase classname="tests.backend_test.TestAuth" name="test_logout_clears_cookies" time="0.429" /><testcase classname="tests.backend_test.TestAuth" name="test_change_password_then_revert" time="1.345" /><testcase classname="tests.backend_test.TestUsers" name="test_list_users_authenticated" time="0.056" /><testcase classname="tests.backend_test.TestUsers" name="test_list_users_unauth_blocked" time="0.100" /><testcase classname="tests.backend_test.TestUsers" name="test_create_user_persists" time="0.335" /><testcase classname="tests.backend_test.TestUsers" name="test_non_admin_cannot_create_user" time="0.380" /><testcase classname="tests.backend_test.TestUsers" name="test_patch_user_role_and_active" time="0.111" /><testcase classname="tests.backend_test.TestUsers" name="test_admin_cannot_demote_self" time="0.057" /><testcase classname="tests.backend_test.TestUsers" name="test_admin_cannot_deactivate_self" time="0.053" /><testcase classname="tests.backend_test.TestUsers" name="test_admin_cannot_delete_self" time="0.054" /><testcase classname="tests.backend_test.TestChannels" name="test_list_channels" time="0.051" /><testcase classname="tests.backend_test.TestChannels" name="test_create_public_channel_includes_all_users" time="0.101" /><testcase classname="tests.backend_test.TestChannels" name="test_create_private_channel_only_admin" time="0.050" /><testcase classname="tests.backend_test.TestChannels" name="test_update_channel" time="0.055" /><testcase classname="tests.backend_test.TestChannels" name="test_add_and_remove_members" time="0.108" /><testcase classname="tests.backend_test.TestChannels" name="test_delete_channel_cascades_messages" time="0.219" /><testcase classname="tests.backend_test.TestMessages" name="test_post_text_message" time="0.053" /><testcase classname="tests.backend_test.TestMessages" name="test_post_empty_message_rejected" time="0.053" /><testcase classname="tests.backend_test.TestMessages" name="test_list_messages_with_pagination" time="0.215" /><testcase classname="tests.backend_test.TestMessages" name="test_hide_unhide_masks_for_non_admin" time="0.645" /><testcase classname="tests.backend_test.TestMessages" name="test_delete_message_others_forbidden" time="0.482" /><testcase classname="tests.backend_test.TestMessages" name="test_moderation_endpoint" time="0.168" /><testcase classname="tests.backend_test.TestMessages" name="test_moderation_requires_admin" time="0.376" /><testcase classname="tests.backend_test.TestUploads" name="test_upload_png_and_serve" time="0.234" /><testcase classname="tests.backend_test.TestUploads" name="test_upload_rejects_exe" time="0.107" /><testcase classname="tests.backend_test.TestGiphy" name="test_giphy_search" time="0.156" /><testcase classname="tests.backend_test.TestGiphy" name="test_giphy_trending" time="0.128" /><testcase classname="tests.backend_test.TestBruteForce" name="test_brute_force_lock_after_5_failures_localhost" time="0.231" /><testcase classname="tests.backend_test.TestWebSocket" name="test_ws_unauthenticated_rejected" time="0.022" /><testcase classname="tests.backend_test.TestWebSocket" name="test_ws_subscribe_and_broadcast_on_post" time="0.539" /><testcase classname="tests.backend_test.TestBruteForcePublic" name="test_brute_force_lock_after_5_failures_via_public_url" time="0.371" /><testcase classname="tests.backend_test.TestBruteForcePublic" name="test_brute_force_email_secondary_blocks_across_ips" time="0.758" /><testcase classname="tests.backend_test.TestProfileUpdate" name="test_update_my_name_and_avatar" time="0.179" /><testcase classname="tests.backend_test.TestProfileUpdate" name="test_update_me_requires_auth" time="0.116" /><testcase classname="tests.backend_test.TestChangePasswordValidation" name="test_change_password_wrong_current_rejected" time="0.607" /><testcase classname="tests.backend_test.TestForgotResetPassword" name="test_forgot_password_always_ok" time="0.521" /><testcase classname="tests.backend_test.TestForgotResetPassword" name="test_reset_password_full_flow" time="1.879" /><testcase classname="tests.backend_test.TestForgotResetPassword" name="test_reset_password_invalid_token_rejected" time="0.128" /><testcase classname="tests.backend_test.TestBranding" name="test_get_branding_public_no_auth" time="0.103" /><testcase classname="tests.backend_test.TestBranding" name="test_put_branding_admin_updates_and_get_reflects" time="0.394" /><testcase classname="tests.backend_test.TestBranding" name="test_put_branding_non_admin_forbidden" time="0.733" /><testcase classname="tests.backend_test.TestBranding" name="test_put_branding_unauth_blocked" time="0.270" /><testcase classname="tests.test_iter4.TestDMCreate" name="test_create_dm_returns_dm_payload" time="0.942" /><testcase classname="tests.test_iter4.TestDMCreate" name="test_create_dm_is_idempotent" time="0.115" /><testcase classname="tests.test_iter4.TestDMCreate" name="test_dm_same_id_for_either_participant" time="0.497" /><testcase classname="tests.test_iter4.TestDMCreate" name="test_cannot_dm_self" time="0.046" /><testcase classname="tests.test_iter4.TestDMCreate" name="test_cannot_dm_missing_user" time="0.050" /><testcase classname="tests.test_iter4.TestDMCreate" name="test_cannot_dm_deactivated_user" time="0.436" /><testcase classname="tests.test_iter4.TestDMList" name="test_list_dms_includes_created_dm" time="0.172" /><testcase classname="tests.test_iter4.TestDMList" name="test_list_dms_after_message_has_preview_and_unread" time="0.157" /><testcase classname="tests.test_iter4.TestDMExcludedFromChannels" name="test_dm_not_in_channels_for_admin" time="0.100" /><testcase classname="tests.test_iter4.TestDMExcludedFromChannels" name="test_dm_not_in_channels_for_user" time="0.091" /><testcase classname="tests.test_iter4.TestDMMessaging" name="test_both_participants_can_post" time="0.173" /><testcase classname="tests.test_iter4.TestDMMessaging" name="test_third_party_forbidden" time="0.823" /><testcase classname="tests.test_iter4.TestMentions" name="test_post_with_mentions_persists" time="0.169" /><testcase classname="tests.test_iter4.TestMentions" name="test_self_mention_filtered" time="0.158" /><testcase classname="tests.test_iter4.TestReactions" name="test_react_toggle" time="0.266" /><testcase classname="tests.test_iter4.TestReactions" name="test_react_non_member_private_forbidden" time="0.218" /><testcase classname="tests.test_iter4.TestReactions" name="test_react_message_not_found" time="0.157" /><testcase classname="tests.test_iter5.TestForgotPasswordEmail" name="test_forgot_password_always_ok_for_known_user" time="0.669" /><testcase classname="tests.test_iter5.TestForgotPasswordEmail" name="test_forgot_password_ok_for_unknown_user" time="0.109" /><testcase classname="tests.test_iter5.TestForgotPasswordEmail" name="test_forgot_password_fallback_logs_link" time="0.672" /><testcase classname="tests.test_iter5.TestDMUniqueIndex" name="test_partial_unique_index_exists" time="0.004" /><testcase classname="tests.test_iter5.TestDMUniqueIndex" name="test_consecutive_dm_posts_return_same_channel" time="1.152" /><testcase classname="tests.test_iter5.TestThreads" name="test_post_reply_increments_parent_count" time="0.240" /><testcase classname="tests.test_iter5.TestThreads" name="test_list_messages_excludes_thread_replies" time="0.174" /><testcase classname="tests.test_iter5.TestThreads" name="test_thread_endpoint_orders_oldest_first" time="0.228" /><testcase classname="tests.test_iter5.TestThreads" name="test_reply_to_reply_flattens_to_root" time="0.180" /><testcase classname="tests.test_iter5.TestThreads" name="test_unknown_parent_id_404" time="0.061" /><testcase classname="tests.test_iter5.TestThreads" name="test_parent_in_different_channel_404" time="0.259" /><testcase classname="tests.test_iter5.TestThreads" name="test_thread_unknown_message_404" time="0.119" /><testcase classname="tests.test_iter5.TestLoginRegression" name="test_admin_login" time="0.514" /><testcase classname="tests.test_iter6.TestPresenceEndpoint" name="test_requires_auth" time="0.227" /><testcase classname="tests.test_iter6.TestPresenceEndpoint" name="test_returns_online_list" time="0.444" /><testcase classname="tests.test_iter6.TestPresenceEndpoint" name="test_caller_online_after_ws" time="0.307" /><testcase classname="tests.test_iter6.TestPresenceBroadcast" name="test_new_ws_broadcasts_online_to_all" time="0.985" /><testcase classname="tests.test_iter6.TestPresenceBroadcast" name="test_two_sockets_same_user_no_offline_on_one_close" time="2.956" /><testcase classname="tests.test_iter6.TestSenderValidation" name="test_startup_validation_logged" time="0.001" /><testcase classname="tests.test_iter6.TestSenderValidation" name="test_resend_dev_sender_is_info_not_warning" time="0.001" /><testcase classname="tests.test_iter6.TestSenderValidation" name="test_validate_sender_domain_never_raises" time="0.077" /><testcase classname="tests.test_iter6.TestDmRaceRegression" name="test_concurrent_dm_open_returns_same_channel" time="0.309" /><testcase classname="tests.test_iter7_dm_moderation_exclusion.TestDmExcludedFromModeration" name="test_moderation_unfiltered_has_no_dm_messages" time="1.654" /><testcase classname="tests.test_iter7_dm_moderation_exclusion.TestDmExcludedFromModeration" name="test_moderation_search_returns_no_dm_matches" time="0.108" /><testcase classname="tests.test_iter7_dm_moderation_exclusion.TestDmExcludedFromModeration" name="test_moderation_channel_id_filter_on_dm_returns_empty" time="0.126" /><testcase classname="tests.test_iter7_dm_moderation_exclusion.TestDmExcludedFromModeration" name="test_moderation_channel_id_filter_on_public_still_works" time="0.125" /><testcase classname="tests.test_iter7_dm_moderation_exclusion.TestDmExcludedFromModeration" name="test_dm_channel_messages_endpoint_still_works_for_participants" time="0.121" /><testcase classname="tests.test_iter7_dm_moderation_exclusion.TestDmExcludedFromModeration" name="test_dms_list_still_shows_dm" time="0.489" /><testcase classname="tests.test_unread.TestUnreadBackend" name="test_unread_returns_dict_of_accessible_channels" time="0.138" /><testcase classname="tests.test_unread.TestUnreadBackend" name="test_unread_requires_auth" time="0.111" /><testcase classname="tests.test_unread.TestUnreadBackend" name="test_other_user_post_increments_unread_for_admin" time="1.904" /><testcase classname="tests.test_unread.TestUnreadBackend" name="test_own_message_does_not_increment_own_unread" time="1.190" /><testcase classname="tests.test_unread.TestUnreadBackend" name="test_hidden_message_does_not_count_as_unread" time="1.308" /><testcase classname="tests.test_unread.TestUnreadBackend" name="test_post_read_resets_unread_to_zero" time="1.491" /><testcase classname="tests.test_unread.TestUnreadBackend" name="test_private_channel_not_visible_to_non_member" time="0.132" /><testcase classname="tests.test_unread.TestUnreadBackend" name="test_mark_read_on_private_denied_for_non_member" time="0.057" /><testcase classname="tests.test_unread.TestUnreadBackend" name="test_mark_read_on_unknown_channel_404" time="0.232" /></testsuite></testsuites>