<?xml version="1.0" encoding="utf-8"?><testsuites name="pytest tests"><testsuite name="pytest" errors="0" failures="0" skipped="0" tests="117" time="39.815" timestamp="2026-04-23T03:00:09.164392+00:00" hostname="agent-env-c90c8730-ba82-40e9-bfb6-0b182125922b"><testcase classname="backend.tests.backend_test.TestHealth" name="test_health" time="0.137" /><testcase classname="backend.tests.backend_test.TestHealth" name="test_root" time="0.101" /><testcase classname="backend.tests.backend_test.TestAuth" name="test_login_admin_success_sets_cookies_and_returns_token" time="0.359" /><testcase classname="backend.tests.backend_test.TestAuth" name="test_login_invalid_password" time="0.348" /><testcase classname="backend.tests.backend_test.TestAuth" name="test_me_with_bearer" time="0.502" /><testcase classname="backend.tests.backend_test.TestAuth" name="test_me_with_cookie_only" time="0.410" /><testcase classname="backend.tests.backend_test.TestAuth" name="test_refresh_with_cookie" time="0.379" /><testcase classname="backend.tests.backend_test.TestAuth" name="test_refresh_without_cookie_unauthorized" time="0.124" /><testcase classname="backend.tests.backend_test.TestAuth" name="test_logout_clears_cookies" time="0.440" /><testcase classname="backend.tests.backend_test.TestAuth" name="test_change_password_then_revert" time="1.329" /><testcase classname="backend.tests.backend_test.TestUsers" name="test_list_users_authenticated" time="0.049" /><testcase classname="backend.tests.backend_test.TestUsers" name="test_list_users_unauth_blocked" time="0.104" /><testcase classname="backend.tests.backend_test.TestUsers" name="test_create_user_persists" time="0.331" /><testcase classname="backend.tests.backend_test.TestUsers" name="test_non_admin_cannot_create_user" time="0.488" /><testcase classname="backend.tests.backend_test.TestUsers" name="test_patch_user_role_and_active" time="0.098" /><testcase classname="backend.tests.backend_test.TestUsers" name="test_admin_cannot_demote_self" time="0.048" /><testcase classname="backend.tests.backend_test.TestUsers" name="test_admin_cannot_deactivate_self" time="0.063" /><testcase classname="backend.tests.backend_test.TestUsers" name="test_admin_cannot_delete_self" time="0.048" /><testcase classname="backend.tests.backend_test.TestChannels" name="test_list_channels" time="0.048" /><testcase classname="backend.tests.backend_test.TestChannels" name="test_create_public_channel_includes_all_users" time="0.098" /><testcase classname="backend.tests.backend_test.TestChannels" name="test_create_private_channel_only_admin" time="0.052" /><testcase classname="backend.tests.backend_test.TestChannels" name="test_update_channel" time="0.055" /><testcase classname="backend.tests.backend_test.TestChannels" name="test_add_and_remove_members" time="0.109" /><testcase classname="backend.tests.backend_test.TestChannels" name="test_delete_channel_cascades_messages" time="0.206" /><testcase classname="backend.tests.backend_test.TestMessages" name="test_post_text_message" time="0.115" /><testcase classname="backend.tests.backend_test.TestMessages" name="test_post_empty_message_rejected" time="0.049" /><testcase classname="backend.tests.backend_test.TestMessages" name="test_list_messages_with_pagination" time="0.328" /><testcase classname="backend.tests.backend_test.TestMessages" name="test_hide_unhide_masks_for_non_admin" time="0.636" /><testcase classname="backend.tests.backend_test.TestMessages" name="test_delete_message_others_forbidden" time="0.514" /><testcase classname="backend.tests.backend_test.TestMessages" name="test_moderation_endpoint" time="0.155" /><testcase classname="backend.tests.backend_test.TestMessages" name="test_moderation_requires_admin" time="0.408" /><testcase classname="backend.tests.backend_test.TestUploads" name="test_upload_png_and_serve" time="0.245" /><testcase classname="backend.tests.backend_test.TestUploads" name="test_upload_rejects_exe" time="0.112" /><testcase classname="backend.tests.backend_test.TestGiphy" name="test_giphy_search" time="0.142" /><testcase classname="backend.tests.backend_test.TestGiphy" name="test_giphy_trending" time="0.153" /><testcase classname="backend.tests.backend_test.TestBruteForce" name="test_brute_force_lock_after_5_failures_localhost" time="0.234" /><testcase classname="backend.tests.backend_test.TestWebSocket" name="test_ws_unauthenticated_rejected" time="0.024" /><testcase classname="backend.tests.backend_test.TestWebSocket" name="test_ws_subscribe_and_broadcast_on_post" time="0.540" /><testcase classname="backend.tests.backend_test.TestBruteForcePublic" name="test_brute_force_lock_after_5_failures_via_public_url" time="0.374" /><testcase classname="backend.tests.backend_test.TestBruteForcePublic" name="test_brute_force_email_secondary_blocks_across_ips" time="0.658" /><testcase classname="backend.tests.backend_test.TestProfileUpdate" name="test_update_my_name_and_avatar" time="0.159" /><testcase classname="backend.tests.backend_test.TestProfileUpdate" name="test_update_me_requires_auth" time="0.113" /><testcase classname="backend.tests.backend_test.TestChangePasswordValidation" name="test_change_password_wrong_current_rejected" time="0.658" /><testcase classname="backend.tests.backend_test.TestForgotResetPassword" name="test_forgot_password_always_ok" time="0.589" /><testcase classname="backend.tests.backend_test.TestForgotResetPassword" name="test_reset_password_full_flow" time="1.855" /><testcase classname="backend.tests.backend_test.TestForgotResetPassword" name="test_reset_password_invalid_token_rejected" time="0.107" /><testcase classname="backend.tests.backend_test.TestBranding" name="test_get_branding_public_no_auth" time="0.105" /><testcase classname="backend.tests.backend_test.TestBranding" name="test_put_branding_admin_updates_and_get_reflects" time="0.395" /><testcase classname="backend.tests.backend_test.TestBranding" name="test_put_branding_non_admin_forbidden" time="0.734" /><testcase classname="backend.tests.backend_test.TestBranding" name="test_put_branding_unauth_blocked" time="0.264" /><testcase classname="backend.tests.test_iter4.TestDMCreate" name="test_create_dm_returns_dm_payload" time="0.920" /><testcase classname="backend.tests.test_iter4.TestDMCreate" name="test_create_dm_is_idempotent" time="0.095" /><testcase classname="backend.tests.test_iter4.TestDMCreate" name="test_dm_same_id_for_either_participant" time="0.458" /><testcase classname="backend.tests.test_iter4.TestDMCreate" name="test_cannot_dm_self" time="0.051" /><testcase classname="backend.tests.test_iter4.TestDMCreate" name="test_cannot_dm_missing_user" time="0.045" /><testcase classname="backend.tests.test_iter4.TestDMCreate" name="test_cannot_dm_deactivated_user" time="0.416" /><testcase classname="backend.tests.test_iter4.TestDMList" name="test_list_dms_includes_created_dm" time="0.106" /><testcase classname="backend.tests.test_iter4.TestDMList" name="test_list_dms_after_message_has_preview_and_unread" time="0.147" /><testcase classname="backend.tests.test_iter4.TestDMExcludedFromChannels" name="test_dm_not_in_channels_for_admin" time="0.102" /><testcase classname="backend.tests.test_iter4.TestDMExcludedFromChannels" name="test_dm_not_in_channels_for_user" time="0.099" /><testcase classname="backend.tests.test_iter4.TestDMMessaging" name="test_both_participants_can_post" time="0.149" /><testcase classname="backend.tests.test_iter4.TestDMMessaging" name="test_third_party_forbidden" time="0.817" /><testcase classname="backend.tests.test_iter4.TestMentions" name="test_post_with_mentions_persists" time="0.145" /><testcase classname="backend.tests.test_iter4.TestMentions" name="test_self_mention_filtered" time="0.145" /><testcase classname="backend.tests.test_iter4.TestReactions" name="test_react_toggle" time="0.294" /><testcase classname="backend.tests.test_iter4.TestReactions" name="test_react_non_member_private_forbidden" time="0.203" /><testcase classname="backend.tests.test_iter4.TestReactions" name="test_react_message_not_found" time="0.155" /><testcase classname="backend.tests.test_iter5.TestForgotPasswordEmail" name="test_forgot_password_always_ok_for_known_user" time="0.663" /><testcase classname="backend.tests.test_iter5.TestForgotPasswordEmail" name="test_forgot_password_ok_for_unknown_user" time="0.104" /><testcase classname="backend.tests.test_iter5.TestForgotPasswordEmail" name="test_forgot_password_fallback_logs_link" time="0.675" /><testcase classname="backend.tests.test_iter5.TestDMUniqueIndex" name="test_partial_unique_index_exists" time="0.004" /><testcase classname="backend.tests.test_iter5.TestDMUniqueIndex" name="test_consecutive_dm_posts_return_same_channel" time="1.044" /><testcase classname="backend.tests.test_iter5.TestThreads" name="test_post_reply_increments_parent_count" time="0.221" /><testcase classname="backend.tests.test_iter5.TestThreads" name="test_list_messages_excludes_thread_replies" time="0.160" /><testcase classname="backend.tests.test_iter5.TestThreads" name="test_thread_endpoint_orders_oldest_first" time="0.214" /><testcase classname="backend.tests.test_iter5.TestThreads" name="test_reply_to_reply_flattens_to_root" time="0.155" /><testcase classname="backend.tests.test_iter5.TestThreads" name="test_unknown_parent_id_404" time="0.051" /><testcase classname="backend.tests.test_iter5.TestThreads" name="test_parent_in_different_channel_404" time="0.204" /><testcase classname="backend.tests.test_iter5.TestThreads" name="test_thread_unknown_message_404" time="0.048" /><testcase classname="backend.tests.test_iter5.TestLoginRegression" name="test_admin_login" time="0.485" /><testcase classname="backend.tests.test_iter6.TestPresenceEndpoint" name="test_requires_auth" time="0.127" /><testcase classname="backend.tests.test_iter6.TestPresenceEndpoint" name="test_returns_online_list" time="0.451" /><testcase classname="backend.tests.test_iter6.TestPresenceEndpoint" name="test_caller_online_after_ws" time="0.313" /><testcase classname="backend.tests.test_iter6.TestPresenceBroadcast" name="test_new_ws_broadcasts_online_to_all" time="0.981" /><testcase classname="backend.tests.test_iter6.TestPresenceBroadcast" name="test_two_sockets_same_user_no_offline_on_one_close" time="2.933" /><testcase classname="backend.tests.test_iter6.TestSenderValidation" name="test_startup_validation_logged" time="0.002" /><testcase classname="backend.tests.test_iter6.TestSenderValidation" name="test_resend_dev_sender_is_info_not_warning" time="0.001" /><testcase classname="backend.tests.test_iter6.TestSenderValidation" name="test_validate_sender_domain_never_raises" time="0.068" /><testcase classname="backend.tests.test_iter6.TestDmRaceRegression" name="test_concurrent_dm_open_returns_same_channel" time="0.287" /><testcase classname="backend.tests.test_iter7_dm_moderation_exclusion.TestDmExcludedFromModeration" name="test_moderation_unfiltered_has_no_dm_messages" time="1.623" /><testcase classname="backend.tests.test_iter7_dm_moderation_exclusion.TestDmExcludedFromModeration" name="test_moderation_search_returns_no_dm_matches" time="0.107" /><testcase classname="backend.tests.test_iter7_dm_moderation_exclusion.TestDmExcludedFromModeration" name="test_moderation_channel_id_filter_on_dm_returns_empty" time="0.122" /><testcase classname="backend.tests.test_iter7_dm_moderation_exclusion.TestDmExcludedFromModeration" name="test_moderation_channel_id_filter_on_public_still_works" time="0.154" /><testcase classname="backend.tests.test_iter7_dm_moderation_exclusion.TestDmExcludedFromModeration" name="test_dm_channel_messages_endpoint_still_works_for_participants" time="0.116" /><testcase classname="backend.tests.test_iter7_dm_moderation_exclusion.TestDmExcludedFromModeration" name="test_dms_list_still_shows_dm" time="0.444" /><testcase classname="backend.tests.test_iter9_push.TestVapidPublicKey" name="test_unauthenticated_get_returns_valid_key" time="0.106" /><testcase classname="backend.tests.test_iter9_push.TestVapidPublicKey" name="test_vapid_key_is_stable" time="0.217" /><testcase classname="backend.tests.test_iter9_push.TestPushSubscribe" name="test_subscribe_requires_auth" time="0.118" /><testcase classname="backend.tests.test_iter9_push.TestPushSubscribe" name="test_subscribe_rejects_invalid_payload" time="0.055" /><testcase classname="backend.tests.test_iter9_push.TestPushSubscribe" name="test_subscribe_rejects_empty_endpoint" time="0.046" /><testcase classname="backend.tests.test_iter9_push.TestPushSubscribe" name="test_subscribe_ok_upserts" time="0.093" /><testcase classname="backend.tests.test_iter9_push.TestPushSubscribe" name="test_unsubscribe_requires_auth" time="0.112" /><testcase classname="backend.tests.test_iter9_push.TestPushSubscribe" name="test_unsubscribe_ok" time="0.143" /><testcase classname="backend.tests.test_iter9_push.TestPushTestEndpoint" name="test_requires_auth" time="0.102" /><testcase classname="backend.tests.test_iter9_push.TestPushTestEndpoint" name="test_no_subs_returns_ok" time="0.093" /><testcase classname="backend.tests.test_iter9_push.TestPushTestEndpoint" name="test_with_fake_sub_does_not_500" time="0.150" /><testcase classname="backend.tests.test_iter9_push.TestMessageSendFirePushSafe" name="test_send_message_in_public_channel_does_not_500_with_fake_sub" time="0.289" /><testcase classname="backend.tests.test_iter9_push.TestServiceWorkerServed" name="test_sw_js_reachable" time="0.120" /><testcase classname="backend.tests.test_unread.TestUnreadBackend" name="test_unread_returns_dict_of_accessible_channels" time="0.103" /><testcase classname="backend.tests.test_unread.TestUnreadBackend" name="test_unread_requires_auth" time="0.123" /><testcase classname="backend.tests.test_unread.TestUnreadBackend" name="test_other_user_post_increments_unread_for_admin" time="1.884" /><testcase classname="backend.tests.test_unread.TestUnreadBackend" name="test_own_message_does_not_increment_own_unread" time="1.185" /><testcase classname="backend.tests.test_unread.TestUnreadBackend" name="test_hidden_message_does_not_count_as_unread" time="1.254" /><testcase classname="backend.tests.test_unread.TestUnreadBackend" name="test_post_read_resets_unread_to_zero" time="1.463" /><testcase classname="backend.tests.test_unread.TestUnreadBackend" name="test_private_channel_not_visible_to_non_member" time="0.100" /><testcase classname="backend.tests.test_unread.TestUnreadBackend" name="test_mark_read_on_private_denied_for_non_member" time="0.050" /><testcase classname="backend.tests.test_unread.TestUnreadBackend" name="test_mark_read_on_unknown_channel_404" time="0.204" /></testsuite></testsuites>