<?xml version="1.0" encoding="utf-8"?><testsuites name="pytest tests"><testsuite name="pytest" errors="0" failures="0" skipped="0" tests="13" time="5.059" timestamp="2026-04-23T01:55:15.724323+00:00" hostname="agent-env-c90c8730-ba82-40e9-bfb6-0b182125922b"><testcase classname="test_iter5.TestForgotPasswordEmail" name="test_forgot_password_always_ok_for_known_user" time="1.145" /><testcase classname="test_iter5.TestForgotPasswordEmail" name="test_forgot_password_ok_for_unknown_user" time="0.143" /><testcase classname="test_iter5.TestForgotPasswordEmail" name="test_forgot_password_fallback_logs_link" time="0.696" /><testcase classname="test_iter5.TestDMUniqueIndex" name="test_partial_unique_index_exists" time="0.079" /><testcase classname="test_iter5.TestDMUniqueIndex" name="test_consecutive_dm_posts_return_same_channel" time="1.298" /><testcase classname="test_iter5.TestThreads" name="test_post_reply_increments_parent_count" time="0.226" /><testcase classname="test_iter5.TestThreads" name="test_list_messages_excludes_thread_replies" time="0.162" /><testcase classname="test_iter5.TestThreads" name="test_thread_endpoint_orders_oldest_first" time="0.224" /><testcase classname="test_iter5.TestThreads" name="test_reply_to_reply_flattens_to_root" time="0.179" /><testcase classname="test_iter5.TestThreads" name="test_unknown_parent_id_404" time="0.059" /><testcase classname="test_iter5.TestThreads" name="test_parent_in_different_channel_404" time="0.216" /><testcase classname="test_iter5.TestThreads" name="test_thread_unknown_message_404" time="0.058" /><testcase classname="test_iter5.TestLoginRegression" name="test_admin_login" time="0.530" /></testsuite></testsuites>