<?xml version="1.0" encoding="utf-8"?><testsuites name="pytest tests"><testsuite name="pytest" errors="0" failures="0" skipped="0" tests="6" time="1.317" timestamp="2026-04-23T03:48:07.831801+00:00" hostname="agent-env-c90c8730-ba82-40e9-bfb6-0b182125922b"><testcase classname="backend.tests.test_iter10_pwa.TestManifest" name="test_manifest_status_and_json" time="0.202" /><testcase classname="backend.tests.test_iter10_pwa.TestManifest" name="test_manifest_reflects_branding" time="0.548" /><testcase classname="backend.tests.test_iter10_pwa.TestIcons" name="test_icon_served[/icon-192.png]" time="0.153" /><testcase classname="backend.tests.test_iter10_pwa.TestIcons" name="test_icon_served[/icon-512.png]" time="0.122" /><testcase classname="backend.tests.test_iter10_pwa.TestIcons" name="test_icon_served[/icon-512-maskable.png]" time="0.119" /><testcase classname="backend.tests.test_iter10_pwa.TestIndexHtml" name="test_index_html_has_pwa_tags" time="0.143" /></testsuite></testsuites>