<?xml version="1.0" encoding="utf-8"?><testsuites name="pytest tests"><testsuite name="pytest" errors="0" failures="0" skipped="0" tests="76" time="26.746" timestamp="2026-04-23T01:55:27.171174+00:00" hostname="agent-env-c90c8730-ba82-40e9-bfb6-0b182125922b"><testcase classname="backend_test.TestHealth" name="test_health" time="0.145" /><testcase classname="backend_test.TestHealth" name="test_root" time="0.165" /><testcase classname="backend_test.TestAuth" name="test_login_admin_success_sets_cookies_and_returns_token" time="0.374" /><testcase classname="backend_test.TestAuth" name="test_login_invalid_password" time="0.344" /><testcase classname="backend_test.TestAuth" name="test_me_with_bearer" time="0.458" /><testcase classname="backend_test.TestAuth" name="test_me_with_cookie_only" time="0.675" /><testcase classname="backend_test.TestAuth" name="test_refresh_with_cookie" time="0.381" /><testcase classname="backend_test.TestAuth" name="test_refresh_without_cookie_unauthorized" time="0.126" /><testcase classname="backend_test.TestAuth" name="test_logout_clears_cookies" time="0.470" /><testcase classname="backend_test.TestAuth" name="test_change_password_then_revert" time="1.352" /><testcase classname="backend_test.TestUsers" name="test_list_users_authenticated" time="0.049" /><testcase classname="backend_test.TestUsers" name="test_list_users_unauth_blocked" time="0.105" /><testcase classname="backend_test.TestUsers" name="test_create_user_persists" time="0.335" /><testcase classname="backend_test.TestUsers" name="test_non_admin_cannot_create_user" time="0.428" /><testcase classname="backend_test.TestUsers" name="test_patch_user_role_and_active" time="0.107" /><testcase classname="backend_test.TestUsers" name="test_admin_cannot_demote_self" time="0.053" /><testcase classname="backend_test.TestUsers" name="test_admin_cannot_deactivate_self" time="0.049" /><testcase classname="backend_test.TestUsers" name="test_admin_cannot_delete_self" time="0.048" /><testcase classname="backend_test.TestChannels" name="test_list_channels" time="0.048" /><testcase classname="backend_test.TestChannels" name="test_create_public_channel_includes_all_users" time="0.119" /><testcase classname="backend_test.TestChannels" name="test_create_private_channel_only_admin" time="0.052" /><testcase classname="backend_test.TestChannels" name="test_update_channel" time="0.053" /><testcase classname="backend_test.TestChannels" name="test_add_and_remove_members" time="0.110" /><testcase classname="backend_test.TestChannels" name="test_delete_channel_cascades_messages" time="0.214" /><testcase classname="backend_test.TestMessages" name="test_post_text_message" time="0.048" /><testcase classname="backend_test.TestMessages" name="test_post_empty_message_rejected" time="0.048" /><testcase classname="backend_test.TestMessages" name="test_list_messages_with_pagination" time="0.197" /><testcase classname="backend_test.TestMessages" name="test_hide_unhide_masks_for_non_admin" time="0.604" /><testcase classname="backend_test.TestMessages" name="test_delete_message_others_forbidden" time="0.483" /><testcase classname="backend_test.TestMessages" name="test_moderation_endpoint" time="0.154" /><testcase classname="backend_test.TestMessages" name="test_moderation_requires_admin" time="0.390" /><testcase classname="backend_test.TestUploads" name="test_upload_png_and_serve" time="0.223" /><testcase classname="backend_test.TestUploads" name="test_upload_rejects_exe" time="0.108" /><testcase classname="backend_test.TestGiphy" name="test_giphy_search" time="0.151" /><testcase classname="backend_test.TestGiphy" name="test_giphy_trending" time="0.157" /><testcase classname="backend_test.TestBruteForce" name="test_brute_force_lock_after_5_failures_localhost" time="0.234" /><testcase classname="backend_test.TestWebSocket" name="test_ws_unauthenticated_rejected" time="0.011" /><testcase classname="backend_test.TestWebSocket" name="test_ws_subscribe_and_broadcast_on_post" time="0.538" /><testcase classname="backend_test.TestBruteForcePublic" name="test_brute_force_lock_after_5_failures_via_public_url" time="0.380" /><testcase classname="backend_test.TestBruteForcePublic" name="test_brute_force_email_secondary_blocks_across_ips" time="0.776" /><testcase classname="backend_test.TestProfileUpdate" name="test_update_my_name_and_avatar" time="0.148" /><testcase classname="backend_test.TestProfileUpdate" name="test_update_me_requires_auth" time="0.109" /><testcase classname="backend_test.TestChangePasswordValidation" name="test_change_password_wrong_current_rejected" time="0.619" /><testcase classname="backend_test.TestForgotResetPassword" name="test_forgot_password_always_ok" time="0.561" /><testcase classname="backend_test.TestForgotResetPassword" name="test_reset_password_full_flow" time="1.987" /><testcase classname="backend_test.TestForgotResetPassword" name="test_reset_password_invalid_token_rejected" time="0.113" /><testcase classname="backend_test.TestBranding" name="test_get_branding_public_no_auth" time="0.106" /><testcase classname="backend_test.TestBranding" name="test_put_branding_admin_updates_and_get_reflects" time="0.431" /><testcase classname="backend_test.TestBranding" name="test_put_branding_non_admin_forbidden" time="0.725" /><testcase classname="backend_test.TestBranding" name="test_put_branding_unauth_blocked" time="0.283" /><testcase classname="test_unread.TestUnreadBackend" name="test_unread_returns_dict_of_accessible_channels" time="0.162" /><testcase classname="test_unread.TestUnreadBackend" name="test_unread_requires_auth" time="0.109" /><testcase classname="test_unread.TestUnreadBackend" name="test_other_user_post_increments_unread_for_admin" time="1.836" /><testcase classname="test_unread.TestUnreadBackend" name="test_own_message_does_not_increment_own_unread" time="1.148" /><testcase classname="test_unread.TestUnreadBackend" name="test_hidden_message_does_not_count_as_unread" time="1.264" /><testcase classname="test_unread.TestUnreadBackend" name="test_post_read_resets_unread_to_zero" time="1.456" /><testcase classname="test_unread.TestUnreadBackend" name="test_private_channel_not_visible_to_non_member" time="0.107" /><testcase classname="test_unread.TestUnreadBackend" name="test_mark_read_on_private_denied_for_non_member" time="0.066" /><testcase classname="test_unread.TestUnreadBackend" name="test_mark_read_on_unknown_channel_404" time="0.221" /><testcase classname="test_iter4.TestDMCreate" name="test_create_dm_returns_dm_payload" time="0.974" /><testcase classname="test_iter4.TestDMCreate" name="test_create_dm_is_idempotent" time="0.109" /><testcase classname="test_iter4.TestDMCreate" name="test_dm_same_id_for_either_participant" time="0.425" /><testcase classname="test_iter4.TestDMCreate" name="test_cannot_dm_self" time="0.061" /><testcase classname="test_iter4.TestDMCreate" name="test_cannot_dm_missing_user" time="0.049" /><testcase classname="test_iter4.TestDMCreate" name="test_cannot_dm_deactivated_user" time="0.424" /><testcase classname="test_iter4.TestDMList" name="test_list_dms_includes_created_dm" time="0.133" /><testcase classname="test_iter4.TestDMList" name="test_list_dms_after_message_has_preview_and_unread" time="0.157" /><testcase classname="test_iter4.TestDMExcludedFromChannels" name="test_dm_not_in_channels_for_admin" time="0.101" /><testcase classname="test_iter4.TestDMExcludedFromChannels" name="test_dm_not_in_channels_for_user" time="0.097" /><testcase classname="test_iter4.TestDMMessaging" name="test_both_participants_can_post" time="0.148" /><testcase classname="test_iter4.TestDMMessaging" name="test_third_party_forbidden" time="0.829" /><testcase classname="test_iter4.TestMentions" name="test_post_with_mentions_persists" time="0.181" /><testcase classname="test_iter4.TestMentions" name="test_self_mention_filtered" time="0.161" /><testcase classname="test_iter4.TestReactions" name="test_react_toggle" time="0.259" /><testcase classname="test_iter4.TestReactions" name="test_react_non_member_private_forbidden" time="0.200" /><testcase classname="test_iter4.TestReactions" name="test_react_message_not_found" time="0.152" /></testsuite></testsuites>