<?xml version="1.0" encoding="utf-8"?><testsuites name="pytest tests"><testsuite name="pytest" errors="0" failures="0" skipped="0" tests="59" time="21.453" timestamp="2026-04-23T01:23:26.101046+00:00" hostname="agent-env-c90c8730-ba82-40e9-bfb6-0b182125922b"><testcase classname="backend_test.TestHealth" name="test_health" time="0.152" /><testcase classname="backend_test.TestHealth" name="test_root" time="0.153" /><testcase classname="backend_test.TestAuth" name="test_login_admin_success_sets_cookies_and_returns_token" time="0.336" /><testcase classname="backend_test.TestAuth" name="test_login_invalid_password" time="0.388" /><testcase classname="backend_test.TestAuth" name="test_me_with_bearer" time="0.486" /><testcase classname="backend_test.TestAuth" name="test_me_with_cookie_only" time="0.421" /><testcase classname="backend_test.TestAuth" name="test_refresh_with_cookie" time="0.411" /><testcase classname="backend_test.TestAuth" name="test_refresh_without_cookie_unauthorized" time="0.097" /><testcase classname="backend_test.TestAuth" name="test_logout_clears_cookies" time="0.471" /><testcase classname="backend_test.TestAuth" name="test_change_password_then_revert" time="1.350" /><testcase classname="backend_test.TestUsers" name="test_list_users_authenticated" time="0.053" /><testcase classname="backend_test.TestUsers" name="test_list_users_unauth_blocked" time="0.101" /><testcase classname="backend_test.TestUsers" name="test_create_user_persists" time="0.333" /><testcase classname="backend_test.TestUsers" name="test_non_admin_cannot_create_user" time="0.425" /><testcase classname="backend_test.TestUsers" name="test_patch_user_role_and_active" time="0.106" /><testcase classname="backend_test.TestUsers" name="test_admin_cannot_demote_self" time="0.058" /><testcase classname="backend_test.TestUsers" name="test_admin_cannot_deactivate_self" time="0.050" /><testcase classname="backend_test.TestUsers" name="test_admin_cannot_delete_self" time="0.050" /><testcase classname="backend_test.TestChannels" name="test_list_channels" time="0.051" /><testcase classname="backend_test.TestChannels" name="test_create_public_channel_includes_all_users" time="0.103" /><testcase classname="backend_test.TestChannels" name="test_create_private_channel_only_admin" time="0.055" /><testcase classname="backend_test.TestChannels" name="test_update_channel" time="0.050" /><testcase classname="backend_test.TestChannels" name="test_add_and_remove_members" time="0.107" /><testcase classname="backend_test.TestChannels" name="test_delete_channel_cascades_messages" time="0.220" /><testcase classname="backend_test.TestMessages" name="test_post_text_message" time="0.053" /><testcase classname="backend_test.TestMessages" name="test_post_empty_message_rejected" time="0.050" /><testcase classname="backend_test.TestMessages" name="test_list_messages_with_pagination" time="0.235" /><testcase classname="backend_test.TestMessages" name="test_hide_unhide_masks_for_non_admin" time="0.647" /><testcase classname="backend_test.TestMessages" name="test_delete_message_others_forbidden" time="0.486" /><testcase classname="backend_test.TestMessages" name="test_moderation_endpoint" time="0.193" /><testcase classname="backend_test.TestMessages" name="test_moderation_requires_admin" time="0.384" /><testcase classname="backend_test.TestUploads" name="test_upload_png_and_serve" time="0.210" /><testcase classname="backend_test.TestUploads" name="test_upload_rejects_exe" time="0.110" /><testcase classname="backend_test.TestGiphy" name="test_giphy_search" time="0.161" /><testcase classname="backend_test.TestGiphy" name="test_giphy_trending" time="0.164" /><testcase classname="backend_test.TestBruteForce" name="test_brute_force_lock_after_5_failures_localhost" time="0.232" /><testcase classname="backend_test.TestWebSocket" name="test_ws_unauthenticated_rejected" time="0.012" /><testcase classname="backend_test.TestWebSocket" name="test_ws_subscribe_and_broadcast_on_post" time="0.537" /><testcase classname="backend_test.TestBruteForcePublic" name="test_brute_force_lock_after_5_failures_via_public_url" time="0.353" /><testcase classname="backend_test.TestBruteForcePublic" name="test_brute_force_email_secondary_blocks_across_ips" time="0.767" /><testcase classname="backend_test.TestProfileUpdate" name="test_update_my_name_and_avatar" time="0.162" /><testcase classname="backend_test.TestProfileUpdate" name="test_update_me_requires_auth" time="0.111" /><testcase classname="backend_test.TestChangePasswordValidation" name="test_change_password_wrong_current_rejected" time="0.617" /><testcase classname="backend_test.TestForgotResetPassword" name="test_forgot_password_always_ok" time="0.254" /><testcase classname="backend_test.TestForgotResetPassword" name="test_reset_password_full_flow" time="1.705" /><testcase classname="backend_test.TestForgotResetPassword" name="test_reset_password_invalid_token_rejected" time="0.109" /><testcase classname="backend_test.TestBranding" name="test_get_branding_public_no_auth" time="0.108" /><testcase classname="backend_test.TestBranding" name="test_put_branding_admin_updates_and_get_reflects" time="0.404" /><testcase classname="backend_test.TestBranding" name="test_put_branding_non_admin_forbidden" time="0.722" /><testcase classname="backend_test.TestBranding" name="test_put_branding_unauth_blocked" time="0.300" /><testcase classname="test_unread.TestUnreadBackend" name="test_unread_returns_dict_of_accessible_channels" time="0.100" /><testcase classname="test_unread.TestUnreadBackend" name="test_unread_requires_auth" time="0.109" /><testcase classname="test_unread.TestUnreadBackend" name="test_other_user_post_increments_unread_for_admin" time="1.831" /><testcase classname="test_unread.TestUnreadBackend" name="test_own_message_does_not_increment_own_unread" time="1.156" /><testcase classname="test_unread.TestUnreadBackend" name="test_hidden_message_does_not_count_as_unread" time="1.247" /><testcase classname="test_unread.TestUnreadBackend" name="test_post_read_resets_unread_to_zero" time="1.462" /><testcase classname="test_unread.TestUnreadBackend" name="test_private_channel_not_visible_to_non_member" time="0.107" /><testcase classname="test_unread.TestUnreadBackend" name="test_mark_read_on_private_denied_for_non_member" time="0.047" /><testcase classname="test_unread.TestUnreadBackend" name="test_mark_read_on_unknown_channel_404" time="0.229" /></testsuite></testsuites>