<?xml version="1.0" encoding="utf-8"?><testsuites name="pytest tests"><testsuite name="pytest" errors="0" failures="0" skipped="0" tests="89" time="30.146" timestamp="2026-04-23T02:19:48.583959+00:00" hostname="agent-env-c90c8730-ba82-40e9-bfb6-0b182125922b"><testcase classname="backend_test.TestHealth" name="test_health" time="0.139" /><testcase classname="backend_test.TestHealth" name="test_root" time="0.112" /><testcase classname="backend_test.TestAuth" name="test_login_admin_success_sets_cookies_and_returns_token" time="0.338" /><testcase classname="backend_test.TestAuth" name="test_login_invalid_password" time="0.365" /><testcase classname="backend_test.TestAuth" name="test_me_with_bearer" time="0.458" /><testcase classname="backend_test.TestAuth" name="test_me_with_cookie_only" time="0.438" /><testcase classname="backend_test.TestAuth" name="test_refresh_with_cookie" time="0.384" /><testcase classname="backend_test.TestAuth" name="test_refresh_without_cookie_unauthorized" time="0.108" /><testcase classname="backend_test.TestAuth" name="test_logout_clears_cookies" time="0.421" /><testcase classname="backend_test.TestAuth" name="test_change_password_then_revert" time="1.346" /><testcase classname="backend_test.TestUsers" name="test_list_users_authenticated" time="0.049" /><testcase classname="backend_test.TestUsers" name="test_list_users_unauth_blocked" time="0.109" /><testcase classname="backend_test.TestUsers" name="test_create_user_persists" time="0.321" /><testcase classname="backend_test.TestUsers" name="test_non_admin_cannot_create_user" time="0.382" /><testcase classname="backend_test.TestUsers" name="test_patch_user_role_and_active" time="0.097" /><testcase classname="backend_test.TestUsers" name="test_admin_cannot_demote_self" time="0.047" /><testcase classname="backend_test.TestUsers" name="test_admin_cannot_deactivate_self" time="0.051" /><testcase classname="backend_test.TestUsers" name="test_admin_cannot_delete_self" time="0.046" /><testcase classname="backend_test.TestChannels" name="test_list_channels" time="0.047" /><testcase classname="backend_test.TestChannels" name="test_create_public_channel_includes_all_users" time="0.113" /><testcase classname="backend_test.TestChannels" name="test_create_private_channel_only_admin" time="0.049" /><testcase classname="backend_test.TestChannels" name="test_update_channel" time="0.054" /><testcase classname="backend_test.TestChannels" name="test_add_and_remove_members" time="0.107" /><testcase classname="backend_test.TestChannels" name="test_delete_channel_cascades_messages" time="0.215" /><testcase classname="backend_test.TestMessages" name="test_post_text_message" time="0.050" /><testcase classname="backend_test.TestMessages" name="test_post_empty_message_rejected" time="0.045" /><testcase classname="backend_test.TestMessages" name="test_list_messages_with_pagination" time="0.199" /><testcase classname="backend_test.TestMessages" name="test_hide_unhide_masks_for_non_admin" time="0.619" /><testcase classname="backend_test.TestMessages" name="test_delete_message_others_forbidden" time="0.481" /><testcase classname="backend_test.TestMessages" name="test_moderation_endpoint" time="0.146" /><testcase classname="backend_test.TestMessages" name="test_moderation_requires_admin" time="0.538" /><testcase classname="backend_test.TestUploads" name="test_upload_png_and_serve" time="0.220" /><testcase classname="backend_test.TestUploads" name="test_upload_rejects_exe" time="0.135" /><testcase classname="backend_test.TestGiphy" name="test_giphy_search" time="0.143" /><testcase classname="backend_test.TestGiphy" name="test_giphy_trending" time="0.158" /><testcase classname="backend_test.TestBruteForce" name="test_brute_force_lock_after_5_failures_localhost" time="0.230" /><testcase classname="backend_test.TestWebSocket" name="test_ws_unauthenticated_rejected" time="0.011" /><testcase classname="backend_test.TestWebSocket" name="test_ws_subscribe_and_broadcast_on_post" time="0.537" /><testcase classname="backend_test.TestBruteForcePublic" name="test_brute_force_lock_after_5_failures_via_public_url" time="0.374" /><testcase classname="backend_test.TestBruteForcePublic" name="test_brute_force_email_secondary_blocks_across_ips" time="0.682" /><testcase classname="backend_test.TestProfileUpdate" name="test_update_my_name_and_avatar" time="0.150" /><testcase classname="backend_test.TestProfileUpdate" name="test_update_me_requires_auth" time="0.114" /><testcase classname="backend_test.TestChangePasswordValidation" name="test_change_password_wrong_current_rejected" time="0.628" /><testcase classname="backend_test.TestForgotResetPassword" name="test_forgot_password_always_ok" time="0.488" /><testcase classname="backend_test.TestForgotResetPassword" name="test_reset_password_full_flow" time="1.916" /><testcase classname="backend_test.TestForgotResetPassword" name="test_reset_password_invalid_token_rejected" time="0.135" /><testcase classname="backend_test.TestBranding" name="test_get_branding_public_no_auth" time="0.106" /><testcase classname="backend_test.TestBranding" name="test_put_branding_admin_updates_and_get_reflects" time="0.374" /><testcase classname="backend_test.TestBranding" name="test_put_branding_non_admin_forbidden" time="0.705" /><testcase classname="backend_test.TestBranding" name="test_put_branding_unauth_blocked" time="0.300" /><testcase classname="test_iter4.TestDMCreate" name="test_create_dm_returns_dm_payload" time="0.993" /><testcase classname="test_iter4.TestDMCreate" name="test_create_dm_is_idempotent" time="0.102" /><testcase classname="test_iter4.TestDMCreate" name="test_dm_same_id_for_either_participant" time="0.462" /><testcase classname="test_iter4.TestDMCreate" name="test_cannot_dm_self" time="0.059" /><testcase classname="test_iter4.TestDMCreate" name="test_cannot_dm_missing_user" time="0.046" /><testcase classname="test_iter4.TestDMCreate" name="test_cannot_dm_deactivated_user" time="0.424" /><testcase classname="test_iter4.TestDMList" name="test_list_dms_includes_created_dm" time="0.105" /><testcase classname="test_iter4.TestDMList" name="test_list_dms_after_message_has_preview_and_unread" time="0.160" /><testcase classname="test_iter4.TestDMExcludedFromChannels" name="test_dm_not_in_channels_for_admin" time="0.103" /><testcase classname="test_iter4.TestDMExcludedFromChannels" name="test_dm_not_in_channels_for_user" time="0.099" /><testcase classname="test_iter4.TestDMMessaging" name="test_both_participants_can_post" time="0.149" /><testcase classname="test_iter4.TestDMMessaging" name="test_third_party_forbidden" time="0.799" /><testcase classname="test_iter4.TestMentions" name="test_post_with_mentions_persists" time="0.161" /><testcase classname="test_iter4.TestMentions" name="test_self_mention_filtered" time="0.143" /><testcase classname="test_iter4.TestReactions" name="test_react_toggle" time="0.246" /><testcase classname="test_iter4.TestReactions" name="test_react_non_member_private_forbidden" time="0.197" /><testcase classname="test_iter4.TestReactions" name="test_react_message_not_found" time="0.150" /><testcase classname="test_iter5.TestForgotPasswordEmail" name="test_forgot_password_always_ok_for_known_user" time="0.697" /><testcase classname="test_iter5.TestForgotPasswordEmail" name="test_forgot_password_ok_for_unknown_user" time="0.105" /><testcase classname="test_iter5.TestForgotPasswordEmail" name="test_forgot_password_fallback_logs_link" time="0.626" /><testcase classname="test_iter5.TestDMUniqueIndex" name="test_partial_unique_index_exists" time="0.004" /><testcase classname="test_iter5.TestDMUniqueIndex" name="test_consecutive_dm_posts_return_same_channel" time="1.093" /><testcase classname="test_iter5.TestThreads" name="test_post_reply_increments_parent_count" time="0.271" /><testcase classname="test_iter5.TestThreads" name="test_list_messages_excludes_thread_replies" time="0.169" /><testcase classname="test_iter5.TestThreads" name="test_thread_endpoint_orders_oldest_first" time="0.239" /><testcase classname="test_iter5.TestThreads" name="test_reply_to_reply_flattens_to_root" time="0.154" /><testcase classname="test_iter5.TestThreads" name="test_unknown_parent_id_404" time="0.049" /><testcase classname="test_iter5.TestThreads" name="test_parent_in_different_channel_404" time="0.200" /><testcase classname="test_iter5.TestThreads" name="test_thread_unknown_message_404" time="0.048" /><testcase classname="test_iter5.TestLoginRegression" name="test_admin_login" time="0.484" /><testcase classname="test_unread.TestUnreadBackend" name="test_unread_returns_dict_of_accessible_channels" time="0.098" /><testcase classname="test_unread.TestUnreadBackend" name="test_unread_requires_auth" time="0.101" /><testcase classname="test_unread.TestUnreadBackend" name="test_other_user_post_increments_unread_for_admin" time="1.838" /><testcase classname="test_unread.TestUnreadBackend" name="test_own_message_does_not_increment_own_unread" time="1.146" /><testcase classname="test_unread.TestUnreadBackend" name="test_hidden_message_does_not_count_as_unread" time="1.268" /><testcase classname="test_unread.TestUnreadBackend" name="test_post_read_resets_unread_to_zero" time="1.453" /><testcase classname="test_unread.TestUnreadBackend" name="test_private_channel_not_visible_to_non_member" time="0.104" /><testcase classname="test_unread.TestUnreadBackend" name="test_mark_read_on_private_denied_for_non_member" time="0.050" /><testcase classname="test_unread.TestUnreadBackend" name="test_mark_read_on_unknown_channel_404" time="0.189" /></testsuite></testsuites>